<?xml version="1.0" encoding="UTF-8"?>
<!-- Generated by org.testng.reporters.JUnitReportReporter -->
<testsuite skipped="0" hostname="LAPTOP-26CN5CEH" name="com.practicemavenproject.qa.SixTeenPersonalitiesWelcomeTest" tests="2" failures="0" timestamp="27 Aug 2018 11:01:29 GMT" time="11.758" errors="0">
  <testcase name="gotToUrl_1" time="6.279" classname="com.practicemavenproject.qa.SixTeenPersonalitiesWelcomeTest"/>
  <testcase name="gotToUrl_2" time="5.479" classname="com.practicemavenproject.qa.SixTeenPersonalitiesWelcomeTest"/>
</testsuite> <!-- com.practicemavenproject.qa.SixTeenPersonalitiesWelcomeTest -->
